# JRE version: Java(TM) SE Runtime Environment (11.0.2+7) (build 11.0.2+7-LTS)
# Java VM: Java HotSpot(TM) 64-Bit Server VM (11.0.2+7-LTS, mixed mode, tiered, compressed oops, g1 gc, windows-amd64)
Heap:
 garbage-first heap   total 131072K, used 64641K [0x0000000080e00000, 0x0000000100000000)
  region size 1024K, 60 young (61440K), 5 survivors (5120K)
 Metaspace       used 34418K, capacity 35519K, committed 35708K, reserved 1081344K
  class space    used 4181K, capacity 4653K, committed 4736K, reserved 1048576K
GC Heap History (6 events):
Event: 1.048 GC heap before
{Heap before GC invocations=0 (full 0):
 garbage-first heap   total 131072K, used 23552K [0x0000000080e00000, 0x0000000100000000)
  region size 1024K, 24 young (24576K), 0 survivors (0K)
 Metaspace       used 11313K, capacity 11730K, committed 11904K, reserved 1060864K
  class space    used 1171K, capacity 1344K, committed 1408K, reserved 1048576K
}
Event: 1.054 GC heap after
{Heap after GC invocations=1 (full 0):
 garbage-first heap   total 131072K, used 4872K [0x0000000080e00000, 0x0000000100000000)
  region size 1024K, 3 young (3072K), 3 survivors (3072K)
 Metaspace       used 11313K, capacity 11730K, committed 11904K, reserved 1060864K
  class space    used 1171K, capacity 1344K, committed 1408K, reserved 1048576K
}
Event: 2.250 GC heap before
{Heap before GC invocations=1 (full 0):
 garbage-first heap   total 131072K, used 47880K [0x0000000080e00000, 0x0000000100000000)
  region size 1024K, 47 young (48128K), 3 survivors (3072K)
 Metaspace       used 20609K, capacity 21239K, committed 21248K, reserved 1069056K
  class space    used 2324K, capacity 2560K, committed 2560K, reserved 1048576K
}
Event: 2.262 GC heap after
{Heap after GC invocations=2 (full 0):
 garbage-first heap   total 131072K, used 7535K [0x0000000080e00000, 0x0000000100000000)
  region size 1024K, 6 young (6144K), 6 survivors (6144K)
 Metaspace       used 20609K, capacity 21239K, committed 21248K, reserved 1069056K
  class space    used 2324K, capacity 2560K, committed 2560K, reserved 1048576K
}
Event: 3.049 GC heap before
{Heap before GC invocations=3 (full 0):
 garbage-first heap   total 131072K, used 52591K [0x0000000080e00000, 0x0000000100000000)
  region size 1024K, 51 young (52224K), 6 survivors (6144K)
 Metaspace       used 28091K, capacity 28920K, committed 29052K, reserved 1075200K
  class space    used 3346K, capacity 3680K, committed 3712K, reserved 1048576K
}
Event: 3.061 GC heap after
{Heap after GC invocations=4 (full 0):
 garbage-first heap   total 131072K, used 9345K [0x0000000080e00000, 0x0000000100000000)
  region size 1024K, 5 young (5120K), 5 survivors (5120K)
 Metaspace       used 28091K, capacity 28920K, committed 29052K, reserved 1075200K
  class space    used 3346K, capacity 3680K, committed 3712K, reserved 1048576K
}

